<?xml version="1.0" encoding="UTF-8"?>
<!-- Generated by org.testng.reporters.JUnitReportReporter -->
<testsuite skipped="0" hostname="IBM289-PC07QFA2" name="com.training.functional.tests.RETC_019" tests="1" failures="0" timestamp="11 Mar 2019 10:16:43 GMT" time="14.048" errors="0">
  <testcase name="Functional_Test_RETC_019" time="14.048" classname="com.training.functional.tests.RETC_019"/>
</testsuite> <!-- com.training.functional.tests.RETC_019 -->
