<?xml version="1.0" encoding="UTF-8"?>
<!-- Generated by org.testng.reporters.JUnitReportReporter -->
<testsuite skipped="0" hostname="IBM289-PC07QFA2" name="com.training.pom.test" tests="4" failures="0" timestamp="18 Mar 2019 14:18:32 GMT" time="0.021" errors="0">
  <testcase name="c" time="0.001" classname="com.training.pom.test"/>
  <testcase name="d" time="0.016" classname="com.training.pom.test"/>
  <testcase name="k" time="0.002" classname="com.training.pom.test"/>
  <testcase name="a" time="0.002" classname="com.training.pom.test"/>
</testsuite> <!-- com.training.pom.test -->
