<?xml version="1.0" encoding="UTF-8"?>
<!-- Generated by org.testng.reporters.JUnitReportReporter -->
<testsuite skipped="0" hostname="IBM289-PC07QFA2" name="com.training.functional.tests.RETC_47" tests="1" failures="0" timestamp="13 Mar 2019 09:58:59 GMT" time="20.739" errors="0">
  <testcase name="Functional_Test_RETC_047" time="20.739" classname="com.training.functional.tests.RETC_47"/>
</testsuite> <!-- com.training.functional.tests.RETC_47 -->
