<?xml version="1.0" encoding="UTF-8"?>
<!-- Generated by org.testng.reporters.JUnitReportReporter -->
<testsuite skipped="0" hostname="IBM289-PC07QFA2" name="com.training.functional.tests.RETC_18" tests="1" failures="0" timestamp="07 Mar 2019 12:56:26 GMT" time="8.910" errors="0">
  <testcase name="Functional_Test_RETC_018" time="8.910" classname="com.training.functional.tests.RETC_18"/>
</testsuite> <!-- com.training.functional.tests.RETC_18 -->
