<?xml version="1.0" encoding="UTF-8"?>
<!-- Generated by org.testng.reporters.JUnitReportReporter -->
<testsuite skipped="0" hostname="IBM289-PC07QFA2" name="com.training.functional.tests.RETC_016" tests="1" failures="0" timestamp="11 Mar 2019 05:19:56 GMT" time="7.657" errors="0">
  <testcase name="Functional_Test_RETC_016" time="7.657" classname="com.training.functional.tests.RETC_016"/>
</testsuite> <!-- com.training.functional.tests.RETC_016 -->
