<?xml version="1.0" encoding="UTF-8"?>
<!-- Generated by org.testng.reporters.JUnitReportReporter -->
<testsuite skipped="0" hostname="IBM289-PC07QFA2" name="com.training.functional.tests.RETC_018" tests="1" failures="0" timestamp="11 Mar 2019 12:11:39 GMT" time="18.991" errors="0">
  <testcase name="Functional_Test_RETC_018" time="18.991" classname="com.training.functional.tests.RETC_018"/>
</testsuite> <!-- com.training.functional.tests.RETC_018 -->
