<?xml version="1.0" encoding="UTF-8"?>
<!-- Generated by org.testng.reporters.JUnitReportReporter -->
<testsuite skipped="0" hostname="IBM289-PC07QFA2" name="com.training.functional.tests.RETC_049" tests="1" failures="0" timestamp="19 Mar 2019 13:17:55 GMT" time="46.743" errors="0">
  <testcase name="Functional_Test_RETC_049" time="46.743" classname="com.training.functional.tests.RETC_049"/>
</testsuite> <!-- com.training.functional.tests.RETC_049 -->
