<?xml version="1.0" encoding="UTF-8"?>
<!-- Generated by org.testng.reporters.JUnitReportReporter -->
<testsuite skipped="0" hostname="IBM289-PC07QFA2" name="com.training.sanity.tests.LoginTests" tests="1" failures="0" timestamp="19 Mar 2019 13:17:55 GMT" time="76.831" errors="0">
  <testcase name="validLoginTest" time="76.831" classname="com.training.sanity.tests.LoginTests"/>
</testsuite> <!-- com.training.sanity.tests.LoginTests -->
